                               *****************
                               ***CASE REPORT***
                               *****************

                           ***SUMMARY OF RESULTS***

      End-Use Option = Electricity
      Average Net Electricity Production (MWe)                6.24
      Electricity breakeven price (cents/kWh)                 8.30
      Number of production wells                              2
      Number of injection wells                               2
      Flowrate per production well (kg/s)                    55.0
      Well depth (m)                                       3000.0
      Geothermal gradient (deg.C/km)                         50.0


                           ***ECONOMIC PARAMETERS***

      Economic Model = Fixed Charge Rate (FCR) Model
      Fixed Charge Rate (FCR) (%)                             5.00
      Accrued financing during construction (%)               0.00
      Project lifetime (years)                               30
      Capacity factor (%)                                    90.0

                          ***ENGINEERING PARAMETERS***

      Well depth (m)                                       3000.0
      Water loss rate (%)                                     2.0
      Pump efficiency (%)                                    80.0
      Injection temperature (deg.C)                          50.0
      Production Wellbore heat transmission calculated with Ramey's model
      Average production well temperature drop (deg.C)        2.9
      Flowrate per production well (kg/s)                    55.0
      Injection well casing ID (inches)                       7.000
      Produciton well casing ID (inches)                      7.000
      Number of times redrilling                              0
      Power plant type                                        Subcritical ORC


                         ***RESOURCE CHARACTERISTICS***

      Maximum reservoir temperature (deg.C)                 400.0
      Number of segments                                      1
      Geothermal gradient (deg.C/km)                         50.0


                           ***RESERVOIR PARAMETERS***

      Reservoir Model = Multiple Parallel Fractures Model
      Bottom-hole temperature (deg.C)                       170.00
      Fracture model = square fracture with known fracture height
      Well seperation = fracture height (m)                 900.00
      Fracture area (m^2)                                810000
      Fracture separation calculated with reservoir volume and number of fractures as input
      Number of fractures                                    20.00
      Fracture separation (m)                                64.98
      Reservoir volume (m^3)                         1000000000
      Reservoir hydrostatic pressure (kPa)                28247.64
      Plant outlet pressure (kPa)                          1062.72
      Production wellhead pressure (kPa)                   1131.67
      Productivity Index (kg/s/bar)                           5.00
      Injectivity Index (kg/s/bar)                            5.00
      Reservoir density (kg/m^3)                           2700.00
      Reservoir thermal conductivity (W/m/K)                  2.70
      Reservoir heat capacity (J/kg/K)                     1000.00


                          ***CAPITAL COSTS (M$)***

      Drilling and completion costs                          21.95
      Drilling and completion costs per well                  5.49
      Stimulation costs                                       3.02
      Surface power plant costs                              19.62
      Field gathering system costs                            2.39
      Total surface equipment costs                          22.01
      Exploration costs                                       5.33
      Total capital costs                                    52.30
      Annualized capital costs                                2.61


                ***OPERATING AND MAINTENANCE COSTS (M$/yr)***

      Wellfield maintenance costs                             0.46
      Power plant maintenance costs                           0.95
      Water costs                                             0.06
      Total operating and maintenance costs                   1.47


                           ***POWER GENERATION RESULTS***

      Initial geofluid availability (MWe/(kg/s)               0.11
      Initial net power generation (MWe)                      6.11
      Average net power generation (MWe)                      6.24
      Initial pumping power/net installed power (%)           3.38
      Average Annual Net Electricity Generation (GWh/yr)     49.19
      Average injection well pump pressure drop (kPa)            185.4
      Average production well pump pressure drop (kPa)          1161.8

                                        ******************************
                                        *  POWER GENERATION PROFILE  *
                                        ******************************
  YEAR            THERMAL                    GEOFLUID                    PUMP                    NET                    FIRST LAW
                  DRAWDOWN                  TEMPERATURE                  POWER                  POWER                   EFFICIENCY
                                              (deg C)                    (MWe)                  (MWe)                       (%)
   0                1.0000                     165.41                    0.2066                 6.1056                    11.3905
   1                1.0056                     166.33                    0.2055                 6.1789                    11.4361
   2                1.0072                     166.59                    0.2053                 6.2001                    11.4492
   3                1.0080                     166.73                    0.2051                 6.2111                    11.4561
   4                1.0085                     166.82                    0.2050                 6.2184                    11.4606
   5                1.0089                     166.89                    0.2049                 6.2238                    11.4639
   6                1.0093                     166.94                    0.2049                 6.2280                    11.4665
   7                1.0095                     166.98                    0.2048                 6.2315                    11.4687
   8                1.0097                     167.02                    0.2048                 6.2344                    11.4705
   9                1.0099                     167.05                    0.2047                 6.2369                    11.4721
  10                1.0101                     167.08                    0.2047                 6.2392                    11.4734
  11                1.0103                     167.10                    0.2047                 6.2411                    11.4746
  12                1.0104                     167.12                    0.2047                 6.2429                    11.4757
  13                1.0105                     167.14                    0.2046                 6.2445                    11.4767
  14                1.0106                     167.16                    0.2046                 6.2460                    11.4776
  15                1.0107                     167.18                    0.2046                 6.2473                    11.4785
  16                1.0108                     167.20                    0.2046                 6.2486                    11.4792
  17                1.0109                     167.21                    0.2046                 6.2497                    11.4800
  18                1.0110                     167.22                    0.2045                 6.2508                    11.4806
  19                1.0111                     167.24                    0.2045                 6.2518                    11.4812
  20                1.0111                     167.25                    0.2045                 6.2528                    11.4818
  21                1.0112                     167.26                    0.2045                 6.2537                    11.4824
  22                1.0113                     167.27                    0.2045                 6.2545                    11.4829
  23                1.0113                     167.28                    0.2045                 6.2553                    11.4834
  24                1.0114                     167.29                    0.2045                 6.2561                    11.4839
  25                1.0114                     167.30                    0.2045                 6.2568                    11.4843
  26                1.0115                     167.31                    0.2045                 6.2575                    11.4847
  27                1.0115                     167.31                    0.2044                 6.2581                    11.4851
  28                1.0116                     167.32                    0.2044                 6.2588                    11.4855
  29                1.0116                     167.33                    0.2044                 6.2593                    11.4859
  30                1.0117                     167.34                    0.2044                 6.2599                    11.4862


                              ***************************************************************
                              *  HEAT AND/OR ELECTRICITY EXTRACTION AND GENERATION PROFILE  *
                              ***************************************************************
  YEAR             ELECTRICITY                   HEAT                RESERVOIR            PERCENTAGE OF
                    PROVIDED                   EXTRACTED            HEAT CONTENT        TOTAL HEAT MINED
                   (GWh/year)                  (GWh/year)            (10^15 J)                 (%)
   1                  48.5                       424.5                322.47                   0.47
   2                  48.8                       426.5                320.94                   0.95
   3                  48.9                       427.2                319.40                   1.42
   4                  49.0                       427.6                317.86                   1.90
   5                  49.0                       427.9                316.32                   2.37
   6                  49.1                       428.1                314.78                   2.85
   7                  49.1                       428.3                313.24                   3.32
   8                  49.1                       428.4                311.69                   3.80
   9                  49.2                       428.6                310.15                   4.27
  10                  49.2                       428.7                308.61                   4.75
  11                  49.2                       428.8                307.06                   5.23
  12                  49.2                       428.9                305.52                   5.70
  13                  49.2                       428.9                303.98                   6.18
  14                  49.2                       429.0                302.43                   6.66
  15                  49.2                       429.1                300.89                   7.13
  16                  49.3                       429.1                299.34                   7.61
  17                  49.3                       429.2                297.80                   8.09
  18                  49.3                       429.2                296.25                   8.56
  19                  49.3                       429.3                294.71                   9.04
  20                  49.3                       429.3                293.16                   9.52
  21                  49.3                       429.4                291.61                  10.00
  22                  49.3                       429.4                290.07                  10.47
  23                  49.3                       429.4                288.52                  10.95
  24                  49.3                       429.5                286.98                  11.43
  25                  49.3                       429.5                285.43                  11.90
  26                  49.3                       429.5                283.88                  12.38
  27                  49.3                       429.6                282.34                  12.86
  28                  49.3                       429.6                280.79                  13.34
  29                  49.3                       429.6                279.24                  13.81
  30                  49.4                       429.7                277.70                  14.29

